<?xml version="1.0" encoding="UTF-8"?>
<!-- Generated by org.testng.reporters.JUnitXMLReporter -->
<testsuite ignored="0" hostname="LAPTOP-5D19A40K" failures="0" tests="5" name="Default test" time="19.578" errors="0" timestamp="2022-06-10T09:00:46 IST">
  <testcase classname="DataProvider.dataProvider" name="loginToActiTime" time="2.217"/>
  <testcase classname="DataProvider.dataProvider" name="loginToActiTime" time="2.199"/>
  <testcase classname="DataProvider.dataProvider" name="loginToActiTime" time="2.193"/>
  <testcase classname="DataProvider.dataProvider" name="loginToActiTime" time="2.191"/>
  <testcase classname="DataProvider.dataProvider" name="loginToActiTime" time="2.194"/>
</testsuite> <!-- Default test -->
