<?xml version="1.0" encoding="UTF-8"?>
<testng-results ignored="0" total="5" passed="5" failed="0" skipped="0">
  <reporter-output>
  </reporter-output>
  <suite started-at="2022-06-10T09:00:26 IST" name="Default suite" finished-at="2022-06-10T09:00:46 IST" duration-ms="19578">
    <groups>
    </groups>
    <test started-at="2022-06-10T09:00:26 IST" name="Default test" finished-at="2022-06-10T09:00:46 IST" duration-ms="19578">
      <class name="DataProvider.dataProvider">
        <test-method is-config="true" signature="setUp()[pri:0, instance:DataProvider.dataProvider@cad498c]" started-at="2022-06-10T09:00:26 IST" name="setUp" finished-at="2022-06-10T09:00:29 IST" duration-ms="2558" status="PASS">
          <reporter-output>
          </reporter-output>
        </test-method> <!-- setUp -->
        <test-method signature="loginToActiTime(java.lang.String,java.lang.String)[pri:0, instance:DataProvider.dataProvider@cad498c]" started-at="2022-06-10T09:00:29 IST" name="loginToActiTime" data-provider="testActiTimeData" finished-at="2022-06-10T09:00:31 IST" duration-ms="2217" status="PASS">
          <params>
            <param index="0">
              <value>
                <![CDATA[admin1]]>
              </value>
            </param>
            <param index="1">
              <value>
                <![CDATA[manager123]]>
              </value>
            </param>
          </params>
          <reporter-output>
          </reporter-output>
        </test-method> <!-- loginToActiTime -->
        <test-method is-config="true" signature="tearDown()[pri:0, instance:DataProvider.dataProvider@cad498c]" started-at="2022-06-10T09:00:31 IST" name="tearDown" finished-at="2022-06-10T09:00:32 IST" duration-ms="324" status="PASS">
          <reporter-output>
          </reporter-output>
        </test-method> <!-- tearDown -->
        <test-method is-config="true" signature="setUp()[pri:0, instance:DataProvider.dataProvider@cad498c]" started-at="2022-06-10T09:00:32 IST" name="setUp" finished-at="2022-06-10T09:00:33 IST" duration-ms="1249" status="PASS">
          <reporter-output>
          </reporter-output>
        </test-method> <!-- setUp -->
        <test-method signature="loginToActiTime(java.lang.String,java.lang.String)[pri:0, instance:DataProvider.dataProvider@cad498c]" started-at="2022-06-10T09:00:33 IST" name="loginToActiTime" data-provider="testActiTimeData" finished-at="2022-06-10T09:00:35 IST" duration-ms="2199" status="PASS">
          <params>
            <param index="0">
              <value>
                <![CDATA[ad min]]>
              </value>
            </param>
            <param index="1">
              <value>
                <![CDATA[manager 123]]>
              </value>
            </param>
          </params>
          <reporter-output>
          </reporter-output>
        </test-method> <!-- loginToActiTime -->
        <test-method is-config="true" signature="tearDown()[pri:0, instance:DataProvider.dataProvider@cad498c]" started-at="2022-06-10T09:00:35 IST" name="tearDown" finished-at="2022-06-10T09:00:35 IST" duration-ms="313" status="PASS">
          <reporter-output>
          </reporter-output>
        </test-method> <!-- tearDown -->
        <test-method is-config="true" signature="setUp()[pri:0, instance:DataProvider.dataProvider@cad498c]" started-at="2022-06-10T09:00:35 IST" name="setUp" finished-at="2022-06-10T09:00:36 IST" duration-ms="1130" status="PASS">
          <reporter-output>
          </reporter-output>
        </test-method> <!-- setUp -->
        <test-method signature="loginToActiTime(java.lang.String,java.lang.String)[pri:0, instance:DataProvider.dataProvider@cad498c]" started-at="2022-06-10T09:00:36 IST" name="loginToActiTime" data-provider="testActiTimeData" finished-at="2022-06-10T09:00:39 IST" duration-ms="2193" status="PASS">
          <params>
            <param index="0">
              <value>
                <![CDATA[xyz123]]>
              </value>
            </param>
            <param index="1">
              <value>
                <![CDATA[$#4123]]>
              </value>
            </param>
          </params>
          <reporter-output>
          </reporter-output>
        </test-method> <!-- loginToActiTime -->
        <test-method is-config="true" signature="tearDown()[pri:0, instance:DataProvider.dataProvider@cad498c]" started-at="2022-06-10T09:00:39 IST" name="tearDown" finished-at="2022-06-10T09:00:39 IST" duration-ms="238" status="PASS">
          <reporter-output>
          </reporter-output>
        </test-method> <!-- tearDown -->
        <test-method is-config="true" signature="setUp()[pri:0, instance:DataProvider.dataProvider@cad498c]" started-at="2022-06-10T09:00:39 IST" name="setUp" finished-at="2022-06-10T09:00:40 IST" duration-ms="1130" status="PASS">
          <reporter-output>
          </reporter-output>
        </test-method> <!-- setUp -->
        <test-method signature="loginToActiTime(java.lang.String,java.lang.String)[pri:0, instance:DataProvider.dataProvider@cad498c]" started-at="2022-06-10T09:00:40 IST" name="loginToActiTime" data-provider="testActiTimeData" finished-at="2022-06-10T09:00:42 IST" duration-ms="2191" status="PASS">
          <params>
            <param index="0">
              <value>
                <![CDATA[123]]>
              </value>
            </param>
            <param index="1">
              <value>
                <![CDATA[admin]]>
              </value>
            </param>
          </params>
          <reporter-output>
          </reporter-output>
        </test-method> <!-- loginToActiTime -->
        <test-method is-config="true" signature="tearDown()[pri:0, instance:DataProvider.dataProvider@cad498c]" started-at="2022-06-10T09:00:42 IST" name="tearDown" finished-at="2022-06-10T09:00:42 IST" duration-ms="241" status="PASS">
          <reporter-output>
          </reporter-output>
        </test-method> <!-- tearDown -->
        <test-method is-config="true" signature="setUp()[pri:0, instance:DataProvider.dataProvider@cad498c]" started-at="2022-06-10T09:00:42 IST" name="setUp" finished-at="2022-06-10T09:00:44 IST" duration-ms="1097" status="PASS">
          <reporter-output>
          </reporter-output>
        </test-method> <!-- setUp -->
        <test-method signature="loginToActiTime(java.lang.String,java.lang.String)[pri:0, instance:DataProvider.dataProvider@cad498c]" started-at="2022-06-10T09:00:44 IST" name="loginToActiTime" data-provider="testActiTimeData" finished-at="2022-06-10T09:00:46 IST" duration-ms="2194" status="PASS">
          <params>
            <param index="0">
              <value>
                <![CDATA[123]]>
              </value>
            </param>
            <param index="1">
              <value>
                <![CDATA[admin]]>
              </value>
            </param>
          </params>
          <reporter-output>
          </reporter-output>
        </test-method> <!-- loginToActiTime -->
        <test-method is-config="true" signature="tearDown()[pri:0, instance:DataProvider.dataProvider@cad498c]" started-at="2022-06-10T09:00:46 IST" name="tearDown" finished-at="2022-06-10T09:00:46 IST" duration-ms="241" status="PASS">
          <reporter-output>
          </reporter-output>
        </test-method> <!-- tearDown -->
      </class> <!-- DataProvider.dataProvider -->
    </test> <!-- Default test -->
  </suite> <!-- Default suite -->
</testng-results>
