<?xml version="1.0" encoding="UTF-8"?>
<!-- Generated by org.testng.reporters.JUnitXMLReporter -->
<testsuite ignored="6" hostname="LAPTOP-5D19A40K" failures="0" tests="12" name="Test" time="0.104" errors="0" timestamp="2022-06-08T08:21:04 IST">
  <testcase classname="TestNGFlag.Flag7" name="It1" time="0.013"/>
  <testcase classname="TestNGFlag.Flag7" name="It2" time="0.001"/>
  <testcase classname="TestNGFlag.Flag7" name="It3" time="0.001"/>
  <testcase classname="TestNGFlag.Flag7" name="It4" time="0.001"/>
  <testcase classname="TestNGFlag.Flag7" name="It5" time="0.001"/>
  <testcase classname="TestNGFlag.Flag7" name="It6" time="0.001"/>
  <testcase classname="TestNGFlag.Flag7" name="ft1" time="0.001"/>
  <testcase classname="TestNGFlag.Flag7" name="ft2" time="0.001"/>
  <testcase classname="TestNGFlag.Flag7" name="ft3" time="0.001"/>
  <testcase classname="TestNGFlag.Flag7" name="ft4" time="0.002"/>
  <testcase classname="TestNGFlag.Flag7" name="ft5" time="0.001"/>
  <testcase classname="TestNGFlag.Flag7" name="ft6" time="0.001"/>
  <testcase classname="TestNGFlag.Flag7" name="St5" time="0.0">
    <ignored/>
  </testcase> <!-- St5 -->
  <testcase classname="TestNGFlag.Flag7" name="St4" time="0.0">
    <ignored/>
  </testcase> <!-- St4 -->
  <testcase classname="TestNGFlag.Flag7" name="St2" time="0.0">
    <ignored/>
  </testcase> <!-- St2 -->
  <testcase classname="TestNGFlag.Flag7" name="St3" time="0.0">
    <ignored/>
  </testcase> <!-- St3 -->
  <testcase classname="TestNGFlag.Flag7" name="St1" time="0.0">
    <ignored/>
  </testcase> <!-- St1 -->
  <testcase classname="TestNGFlag.Flag7" name="St6" time="0.0">
    <ignored/>
  </testcase> <!-- St6 -->
</testsuite> <!-- Test -->
